{"C:\\Users\\USER\\Desktop\\Food_Delivery_Frontend\\src\\components\\Contact.jsx": {"path":"C:\\Users\\USER\\Desktop\\Food_Delivery_Frontend\\src\\components\\Contact.jsx","statementMap":{"0":{"start":{"line":1,"column":16},"end":{"line":8,"column":1}},"1":{"start":{"line":2,"column":4},"end":{"line":7,"column":5}}},"fnMap":{"0":{"name":"(anonymous_0)","decl":{"start":{"line":1,"column":16},"end":{"line":1,"column":17}},"loc":{"start":{"line":1,"column":21},"end":{"line":8,"column":1}},"line":1}},"branchMap":{},"s":{"0":1,"1":1},"f":{"0":1},"b":{},"_coverageSchema":"1a1c01bbd47fc00a2c39e90264f33305004495a9","hash":"e3b9b9531aa95b827aa88676ebadbeada59aa4de"}
,"C:\\Users\\USER\\Desktop\\Food_Delivery_Frontend\\src\\components\\Sum.jsx": {"path":"C:\\Users\\USER\\Desktop\\Food_Delivery_Frontend\\src\\components\\Sum.jsx","statementMap":{"0":{"start":{"line":1,"column":19},"end":{"line":3,"column":1}},"1":{"start":{"line":2,"column":4},"end":{"line":2,"column":15}}},"fnMap":{"0":{"name":"(anonymous_0)","decl":{"start":{"line":1,"column":19},"end":{"line":1,"column":20}},"loc":{"start":{"line":1,"column":26},"end":{"line":3,"column":1}},"line":1}},"branchMap":{},"s":{"0":1,"1":1},"f":{"0":1},"b":{},"_coverageSchema":"1a1c01bbd47fc00a2c39e90264f33305004495a9","hash":"eb1ff32b23abea65464cf60e28cd4029a69bab6d"}
}
